18:25:10:789 [ALWAYS]	GUDE Logging Started
18:25:10:789 [INFO]	SqliteResumeCache::SqliteResumeCache basedirectory is null/empty
18:25:10:789 [ERROR]	SqliteResumeCache::CreateSqliteResumeCache creating resume cache pointer failure
18:25:10:789 [ERROR]	Initialize resume cache pointer failure
18:25:10:789 [INFO]	gude policy POLICY_USER limit (2,2,1) chunk 2097152, chunking (UL 0 DL 1), resXfer 1, adapt 0, NSURL 0, timeout 86400 
18:25:10:789 [INFO]	Initialized -- gude-lib version: v0.12.1 app: gude
18:25:19:244 [WARN]	Ignoring attempt to reinit logging to \gude at level 4 retaining 3 days of logs
18:25:19:244 [INFO]	SqliteResumeCache::SqliteResumeCache basedirectory is null/empty
18:25:19:244 [ERROR]	SqliteResumeCache::CreateSqliteResumeCache creating resume cache pointer failure
18:25:19:244 [ERROR]	Initialize resume cache pointer failure
18:25:19:244 [INFO]	gude policy POLICY_USER limit (4,4,1) chunk 2097152, chunking (UL 0 DL 1), resXfer 1, adapt 0, NSURL 1, timeout 86400 
18:25:19:244 [INFO]	Initialized -- gude-lib version: v0.12.1 app: gude
21:27:09:780 [ALWAYS]	GUDE Logging Started
21:27:09:780 [INFO]	SqliteResumeCache::SqliteResumeCache basedirectory is null/empty
21:27:09:780 [ERROR]	SqliteResumeCache::CreateSqliteResumeCache creating resume cache pointer failure
21:27:09:780 [ERROR]	Initialize resume cache pointer failure
21:27:09:781 [INFO]	gude policy POLICY_USER limit (2,2,1) chunk 2097152, chunking (UL 0 DL 1), resXfer 1, adapt 0, NSURL 0, timeout 86400 
21:27:09:781 [INFO]	Initialized -- gude-lib version: v0.12.1 app: gude
21:27:20:293 [WARN]	Ignoring attempt to reinit logging to \gude at level 4 retaining 3 days of logs
21:27:20:293 [INFO]	SqliteResumeCache::SqliteResumeCache basedirectory is null/empty
21:27:20:293 [ERROR]	SqliteResumeCache::CreateSqliteResumeCache creating resume cache pointer failure
21:27:20:293 [ERROR]	Initialize resume cache pointer failure
21:27:20:293 [INFO]	gude policy POLICY_USER limit (4,4,1) chunk 2097152, chunking (UL 0 DL 1), resXfer 1, adapt 0, NSURL 1, timeout 86400 
21:27:20:293 [INFO]	Initialized -- gude-lib version: v0.12.1 app: gude
