22:03:28:883 [ALWAYS]	GUDE Logging Started
22:03:28:884 [INFO]	SqliteResumeCache::SqliteResumeCache basedirectory is null/empty
22:03:28:884 [ERROR]	SqliteResumeCache::CreateSqliteResumeCache creating resume cache pointer failure
22:03:28:884 [ERROR]	Initialize resume cache pointer failure
22:03:28:884 [INFO]	gude policy POLICY_USER limit (2,2,1) chunk 2097152, chunking (UL 0 DL 1), resXfer 1, adapt 0, NSURL 0, timeout 86400 
22:03:28:884 [INFO]	Initialized -- gude-lib version: v0.12.1 app: gude
22:03:34:670 [WARN]	Ignoring attempt to reinit logging to \gude at level 4 retaining 3 days of logs
22:03:34:670 [INFO]	SqliteResumeCache::SqliteResumeCache basedirectory is null/empty
22:03:34:670 [ERROR]	SqliteResumeCache::CreateSqliteResumeCache creating resume cache pointer failure
22:03:34:670 [ERROR]	Initialize resume cache pointer failure
22:03:34:670 [INFO]	gude policy POLICY_USER limit (4,4,1) chunk 2097152, chunking (UL 0 DL 1), resXfer 1, adapt 0, NSURL 1, timeout 86400 
22:03:34:670 [INFO]	Initialized -- gude-lib version: v0.12.1 app: gude
22:17:24:795 [ALWAYS]	GUDE Logging Started
22:17:24:795 [INFO]	SqliteResumeCache::SqliteResumeCache basedirectory is null/empty
22:17:24:795 [ERROR]	SqliteResumeCache::CreateSqliteResumeCache creating resume cache pointer failure
22:17:24:795 [ERROR]	Initialize resume cache pointer failure
22:17:24:795 [INFO]	gude policy POLICY_USER limit (2,2,1) chunk 2097152, chunking (UL 0 DL 1), resXfer 1, adapt 0, NSURL 0, timeout 86400 
22:17:24:795 [INFO]	Initialized -- gude-lib version: v0.12.1 app: gude
22:17:29:950 [WARN]	Ignoring attempt to reinit logging to \gude at level 4 retaining 3 days of logs
22:17:29:950 [INFO]	SqliteResumeCache::SqliteResumeCache basedirectory is null/empty
22:17:29:950 [ERROR]	SqliteResumeCache::CreateSqliteResumeCache creating resume cache pointer failure
22:17:29:950 [ERROR]	Initialize resume cache pointer failure
22:17:29:950 [INFO]	gude policy POLICY_USER limit (4,4,1) chunk 2097152, chunking (UL 0 DL 1), resXfer 1, adapt 0, NSURL 1, timeout 86400 
22:17:29:950 [INFO]	Initialized -- gude-lib version: v0.12.1 app: gude
